[ 50%] Building CXX object controller/CMakeFiles/controller.dir/src/controller.cpp.o
In file included from /usr/aris/aris-1.5.0/include/aris/core/core.hpp:7,
                 from /usr/aris/aris-1.5.0/include/aris.hpp:1,
                 from /root/catkin_ws/src/controller/src/controller.cpp:4:
/usr/aris/aris-1.5.0/include/aris/core/log.hpp:71:31: error: ‘filesystem’ in namespace ‘std’ does not name a type
  auto logDirectory(const std::filesystem::path &log_dir_path = std::filesystem::path())->void;
                               ^~~~~~~~~~
/usr/aris/aris-1.5.0/include/aris/core/log.hpp:71:48: error: expected unqualified-id before ‘&’ token
  auto logDirectory(const std::filesystem::path &log_dir_path = std::filesystem::path())->void;
                                                ^
/usr/aris/aris-1.5.0/include/aris/core/log.hpp:71:47: error: expected ‘)’ before ‘&’ token
  auto logDirectory(const std::filesystem::path &log_dir_path = std::filesystem::path())->void;
                   ~                           ^~
                                               )
/usr/aris/aris-1.5.0/include/aris/core/log.hpp:71:49: error: expected initializer before ‘log_dir_path’
  auto logDirectory(const std::filesystem::path &log_dir_path = std::filesystem::path())->void;
                                                 ^~~~~~~~~~~~
/usr/aris/aris-1.5.0/include/aris/core/log.hpp:72:26: error: ‘filesystem’ in namespace ‘std’ does not name a type
  auto logFile(const std::filesystem::path &log_file_path = std::filesystem::path())->void;
                          ^~~~~~~~~~
/usr/aris/aris-1.5.0/include/aris/core/log.hpp:72:43: error: expected unqualified-id before ‘&’ token
  auto logFile(const std::filesystem::path &log_file_path = std::filesystem::path())->void;
                                           ^
/usr/aris/aris-1.5.0/include/aris/core/log.hpp:72:42: error: expected ‘)’ before ‘&’ token
  auto logFile(const std::filesystem::path &log_file_path = std::filesystem::path())->void;
              ~                           ^~
                                          )
/usr/aris/aris-1.5.0/include/aris/core/log.hpp:72:44: error: expected initializer before ‘log_file_path’
  auto logFile(const std::filesystem::path &log_file_path = std::filesystem::path())->void;
                                            ^~~~~~~~~~~~~
/usr/aris/aris-1.5.0/include/aris/core/log.hpp:76:26: error: ‘filesystem’ in namespace ‘std’ does not name a type
  auto logDirPath()->std::filesystem::path;
                          ^~~~~~~~~~
/usr/aris/aris-1.5.0/include/aris/core/log.hpp:76:36: error: expected initializer before ‘::’ token
  auto logDirPath()->std::filesystem::path;
                                    ^~
In file included from /usr/aris/aris-1.5.0/include/aris/control/control.hpp:1,
                 from /usr/aris/aris-1.5.0/include/aris.hpp:2,
                 from /root/catkin_ws/src/controller/src/controller.cpp:4:
/usr/aris/aris-1.5.0/include/aris/control/rt_timer.hpp:11:35: error: ‘any’ in namespace ‘std’ does not name a type
  auto aris_rt_task_create()->std::any;
                                   ^~~
/usr/aris/aris-1.5.0/include/aris/control/rt_timer.hpp:11:30: note: ‘std::any’ is only available from C++17 onwards
  auto aris_rt_task_create()->std::any;
                              ^~~
/usr/aris/aris-1.5.0/include/aris/control/rt_timer.hpp:12:31: error: ‘any’ is not a member of ‘std’
  auto aris_rt_task_start(std::any& handle, void(*task_func)(void*), void*param)->int;
                               ^~~
/usr/aris/aris-1.5.0/include/aris/control/rt_timer.hpp:12:31: note: ‘std::any’ is only available from C++17 onwards
/usr/aris/aris-1.5.0/include/aris/control/rt_timer.hpp:12:36: error: ‘handle’ was not declared in this scope
  auto aris_rt_task_start(std::any& handle, void(*task_func)(void*), void*param)->int;
                                    ^~~~~~
/usr/aris/aris-1.5.0/include/aris/control/rt_timer.hpp:12:36: note: suggested alternative: ‘rand_r’
  auto aris_rt_task_start(std::any& handle, void(*task_func)(void*), void*param)->int;
                                    ^~~~~~
                                    rand_r
/usr/aris/aris-1.5.0/include/aris/control/rt_timer.hpp:12:50: error: ‘task_func’ was not declared in this scope
  auto aris_rt_task_start(std::any& handle, void(*task_func)(void*), void*param)->int;
                                                  ^~~~~~~~~
/usr/aris/aris-1.5.0/include/aris/control/rt_timer.hpp:12:61: error: expected primary-expression before ‘void’
  auto aris_rt_task_start(std::any& handle, void(*task_func)(void*), void*param)->int;
                                                             ^~~~
/usr/aris/aris-1.5.0/include/aris/control/rt_timer.hpp:12:69: error: expected primary-expression before ‘void’
  auto aris_rt_task_start(std::any& handle, void(*task_func)(void*), void*param)->int;
                                                                     ^~~~
/usr/aris/aris-1.5.0/include/aris/control/rt_timer.hpp:12:79: error: expression list treated as compound expression in initializer [-fpermissive]
  auto aris_rt_task_start(std::any& handle, void(*task_func)(void*), void*param)->int;
                                                                               ^
/usr/aris/aris-1.5.0/include/aris/control/rt_timer.hpp:12:80: error: expected ‘,’ or ‘;’ before ‘->’ token
  auto aris_rt_task_start(std::any& handle, void(*task_func)(void*), void*param)->int;
                                                                                ^~
/usr/aris/aris-1.5.0/include/aris/control/rt_timer.hpp:13:30: error: ‘any’ is not a member of ‘std’
  auto aris_rt_task_join(std::any& handle)->int;
                              ^~~
/usr/aris/aris-1.5.0/include/aris/control/rt_timer.hpp:13:30: note: ‘std::any’ is only available from C++17 onwards
/usr/aris/aris-1.5.0/include/aris/control/rt_timer.hpp:13:35: error: ‘handle’ was not declared in this scope
  auto aris_rt_task_join(std::any& handle)->int;
                                   ^~~~~~
/usr/aris/aris-1.5.0/include/aris/control/rt_timer.hpp:13:35: note: suggested alternative: ‘rand_r’
  auto aris_rt_task_join(std::any& handle)->int;
                                   ^~~~~~
                                   rand_r
/usr/aris/aris-1.5.0/include/aris/control/rt_timer.hpp:13:42: error: expected ‘,’ or ‘;’ before ‘->’ token
  auto aris_rt_task_join(std::any& handle)->int;
                                          ^~
In file included from /usr/aris/aris-1.5.0/include/aris/control/control.hpp:2,
                 from /usr/aris/aris-1.5.0/include/aris.hpp:2,
                 from /root/catkin_ws/src/controller/src/controller.cpp:4:
/usr/aris/aris-1.5.0/include/aris/control/master_slave.hpp:64:25: error: ‘any’ in namespace ‘std’ does not name a type
   auto rtHandle()->std::any&;
                         ^~~
/usr/aris/aris-1.5.0/include/aris/control/master_slave.hpp:64:20: note: ‘std::any’ is only available from C++17 onwards
   auto rtHandle()->std::any&;
                    ^~~
/usr/aris/aris-1.5.0/include/aris/control/master_slave.hpp:64:25: error: expected ‘;’ at end of member declaration
   auto rtHandle()->std::any&;
                         ^~~
                            ;
/usr/aris/aris-1.5.0/include/aris/control/master_slave.hpp:64:29: error: expected unqualified-id before ‘;’ token
   auto rtHandle()->std::any&;
                             ^
/usr/aris/aris-1.5.0/include/aris/control/master_slave.hpp:65:25: error: expected ‘;’ at end of member declaration
   auto rtHandle()const->const std::any& { return const_cast<std::decay_t<decltype(*this)> *>(this)->rtHandle(); }
                         ^~~~~
                              ;
/usr/aris/aris-1.5.0/include/aris/control/master_slave.hpp:65:36: error: ‘any’ in namespace ‘std’ does not name a type
   auto rtHandle()const->const std::any& { return const_cast<std::decay_t<decltype(*this)> *>(this)->rtHandle(); }
                                    ^~~
/usr/aris/aris-1.5.0/include/aris/control/master_slave.hpp:65:31: note: ‘std::any’ is only available from C++17 onwards
   auto rtHandle()const->const std::any& { return const_cast<std::decay_t<decltype(*this)> *>(this)->rtHandle(); }
                               ^~~
In file included from /usr/aris/aris-1.5.0/include/aris/control/control.hpp:4,
                 from /usr/aris/aris-1.5.0/include/aris.hpp:2,
                 from /root/catkin_ws/src/controller/src/controller.cpp:4:
/usr/aris/aris-1.5.0/include/aris/control/ethercat_kernel.hpp:51:31: error: ‘any’ is not a member of ‘std’
  auto aris_ecrt_sdo_read(std::any& master, std::uint16_t slave_position, std::uint16_t index, std::uint8_t subindex,
                               ^~~
/usr/aris/aris-1.5.0/include/aris/control/ethercat_kernel.hpp:51:31: note: ‘std::any’ is only available from C++17 onwards
/usr/aris/aris-1.5.0/include/aris/control/ethercat_kernel.hpp:51:36: error: ‘master’ was not declared in this scope
  auto aris_ecrt_sdo_read(std::any& master, std::uint16_t slave_position, std::uint16_t index, std::uint8_t subindex,
                                    ^~~~~~
/usr/aris/aris-1.5.0/include/aris/control/ethercat_kernel.hpp:51:36: note: suggested alternative:
In file included from /opt/ros/kinetic/include/ros/ros.h:52,
                 from /root/catkin_ws/src/controller/src/controller.cpp:1:
/opt/ros/kinetic/include/ros/master.h:41:11: note:   ‘ros::master’
 namespace master
           ^~~~~~
In file included from /usr/aris/aris-1.5.0/include/aris/control/control.hpp:4,
                 from /usr/aris/aris-1.5.0/include/aris.hpp:2,
                 from /root/catkin_ws/src/controller/src/controller.cpp:4:
/usr/aris/aris-1.5.0/include/aris/control/ethercat_kernel.hpp:51:58: error: expected primary-expression before ‘slave_position’
  auto aris_ecrt_sdo_read(std::any& master, std::uint16_t slave_position, std::uint16_t index, std::uint8_t subindex,
                                                          ^~~~~~~~~~~~~~
/usr/aris/aris-1.5.0/include/aris/control/ethercat_kernel.hpp:51:88: error: expected primary-expression before ‘index’
  auto aris_ecrt_sdo_read(std::any& master, std::uint16_t slave_position, std::uint16_t index, std::uint8_t subindex,
                                                                                        ^~~~~
/usr/aris/aris-1.5.0/include/aris/control/ethercat_kernel.hpp:51:108: error: expected primary-expression before ‘subindex’
  auto aris_ecrt_sdo_read(std::any& master, std::uint16_t slave_position, std::uint16_t index, std::uint8_t subindex,
                                                                                                            ^~~~~~~~
/usr/aris/aris-1.5.0/include/aris/control/ethercat_kernel.hpp:52:16: error: expected primary-expression before ‘*’ token
   std::uint8_t *to_buffer, std::size_t byte_size, std::size_t *result_size, std::uint32_t *abort_code)->int;
                ^
/usr/aris/aris-1.5.0/include/aris/control/ethercat_kernel.hpp:52:17: error: ‘to_buffer’ was not declared in this scope
   std::uint8_t *to_buffer, std::size_t byte_size, std::size_t *result_size, std::uint32_t *abort_code)->int;
                 ^~~~~~~~~
/usr/aris/aris-1.5.0/include/aris/control/ethercat_kernel.hpp:52:17: note: suggested alternative: ‘setbuffer’
   std::uint8_t *to_buffer, std::size_t byte_size, std::size_t *result_size, std::uint32_t *abort_code)->int;
                 ^~~~~~~~~
                 setbuffer
/usr/aris/aris-1.5.0/include/aris/control/ethercat_kernel.hpp:52:40: error: expected primary-expression before ‘byte_size’
   std::uint8_t *to_buffer, std::size_t byte_size, std::size_t *result_size, std::uint32_t *abort_code)->int;
                                        ^~~~~~~~~
/usr/aris/aris-1.5.0/include/aris/control/ethercat_kernel.hpp:52:63: error: expected primary-expression before ‘*’ token
   std::uint8_t *to_buffer, std::size_t byte_size, std::size_t *result_size, std::uint32_t *abort_code)->int;
                                                               ^
/usr/aris/aris-1.5.0/include/aris/control/ethercat_kernel.hpp:52:64: error: ‘result_size’ was not declared in this scope
   std::uint8_t *to_buffer, std::size_t byte_size, std::size_t *result_size, std::uint32_t *abort_code)->int;
                                                                ^~~~~~~~~~~
/usr/aris/aris-1.5.0/include/aris/control/ethercat_kernel.hpp:52:91: error: expected primary-expression before ‘*’ token
   std::uint8_t *to_buffer, std::size_t byte_size, std::size_t *result_size, std::uint32_t *abort_code)->int;
                                                                                           ^
/usr/aris/aris-1.5.0/include/aris/control/ethercat_kernel.hpp:52:92: error: ‘abort_code’ was not declared in this scope
   std::uint8_t *to_buffer, std::size_t byte_size, std::size_t *result_size, std::uint32_t *abort_code)->int;
                                                                                            ^~~~~~~~~~
/usr/aris/aris-1.5.0/include/aris/control/ethercat_kernel.hpp:52:92: note: suggested alternative: ‘abort’
   std::uint8_t *to_buffer, std::size_t byte_size, std::size_t *result_size, std::uint32_t *abort_code)->int;
                                                                                            ^~~~~~~~~~
                                                                                            abort
/usr/aris/aris-1.5.0/include/aris/control/ethercat_kernel.hpp:52:102: error: expression list treated as compound expression in initializer [-fpermissive]
   std::uint8_t *to_buffer, std::size_t byte_size, std::size_t *result_size, std::uint32_t *abort_code)->int;
                                                                                                      ^
/usr/aris/aris-1.5.0/include/aris/control/ethercat_kernel.hpp:52:103: error: expected ‘,’ or ‘;’ before ‘->’ token
   std::uint8_t *to_buffer, std::size_t byte_size, std::size_t *result_size, std::uint32_t *abort_code)->int;
                                                                                                       ^~
/usr/aris/aris-1.5.0/include/aris/control/ethercat_kernel.hpp:53:32: error: ‘any’ is not a member of ‘std’
  auto aris_ecrt_sdo_write(std::any& master, std::uint16_t slave_position, std::uint16_t index, std::uint8_t subindex,
                                ^~~
/usr/aris/aris-1.5.0/include/aris/control/ethercat_kernel.hpp:53:32: note: ‘std::any’ is only available from C++17 onwards
/usr/aris/aris-1.5.0/include/aris/control/ethercat_kernel.hpp:53:37: error: ‘master’ was not declared in this scope
  auto aris_ecrt_sdo_write(std::any& master, std::uint16_t slave_position, std::uint16_t index, std::uint8_t subindex,
                                     ^~~~~~
/usr/aris/aris-1.5.0/include/aris/control/ethercat_kernel.hpp:53:37: note: suggested alternative:
In file included from /opt/ros/kinetic/include/ros/ros.h:52,
                 from /root/catkin_ws/src/controller/src/controller.cpp:1:
/opt/ros/kinetic/include/ros/master.h:41:11: note:   ‘ros::master’
 namespace master
           ^~~~~~
In file included from /usr/aris/aris-1.5.0/include/aris/control/control.hpp:4,
                 from /usr/aris/aris-1.5.0/include/aris.hpp:2,
                 from /root/catkin_ws/src/controller/src/controller.cpp:4:
/usr/aris/aris-1.5.0/include/aris/control/ethercat_kernel.hpp:53:59: error: expected primary-expression before ‘slave_position’
  auto aris_ecrt_sdo_write(std::any& master, std::uint16_t slave_position, std::uint16_t index, std::uint8_t subindex,
                                                           ^~~~~~~~~~~~~~
/usr/aris/aris-1.5.0/include/aris/control/ethercat_kernel.hpp:53:89: error: expected primary-expression before ‘index’
  auto aris_ecrt_sdo_write(std::any& master, std::uint16_t slave_position, std::uint16_t index, std::uint8_t subindex,
                                                                                         ^~~~~
/usr/aris/aris-1.5.0/include/aris/control/ethercat_kernel.hpp:53:109: error: expected primary-expression before ‘subindex’
  auto aris_ecrt_sdo_write(std::any& master, std::uint16_t slave_position, std::uint16_t index, std::uint8_t subindex,
                                                                                                             ^~~~~~~~
/usr/aris/aris-1.5.0/include/aris/control/ethercat_kernel.hpp:54:16: error: expected primary-expression before ‘*’ token
   std::uint8_t *to_buffer, std::size_t byte_size, std::uint32_t *abort_code) ->int;
                ^
/usr/aris/aris-1.5.0/include/aris/control/ethercat_kernel.hpp:54:17: error: ‘to_buffer’ was not declared in this scope
   std::uint8_t *to_buffer, std::size_t byte_size, std::uint32_t *abort_code) ->int;
                 ^~~~~~~~~
/usr/aris/aris-1.5.0/include/aris/control/ethercat_kernel.hpp:54:17: note: suggested alternative: ‘setbuffer’
   std::uint8_t *to_buffer, std::size_t byte_size, std::uint32_t *abort_code) ->int;
                 ^~~~~~~~~
                 setbuffer
/usr/aris/aris-1.5.0/include/aris/control/ethercat_kernel.hpp:54:40: error: expected primary-expression before ‘byte_size’
   std::uint8_t *to_buffer, std::size_t byte_size, std::uint32_t *abort_code) ->int;
                                        ^~~~~~~~~
/usr/aris/aris-1.5.0/include/aris/control/ethercat_kernel.hpp:54:65: error: expected primary-expression before ‘*’ token
   std::uint8_t *to_buffer, std::size_t byte_size, std::uint32_t *abort_code) ->int;
                                                                 ^
/usr/aris/aris-1.5.0/include/aris/control/ethercat_kernel.hpp:54:66: error: ‘abort_code’ was not declared in this scope
   std::uint8_t *to_buffer, std::size_t byte_size, std::uint32_t *abort_code) ->int;
                                                                  ^~~~~~~~~~
/usr/aris/aris-1.5.0/include/aris/control/ethercat_kernel.hpp:54:66: note: suggested alternative: ‘abort’
   std::uint8_t *to_buffer, std::size_t byte_size, std::uint32_t *abort_code) ->int;
                                                                  ^~~~~~~~~~
                                                                  abort
/usr/aris/aris-1.5.0/include/aris/control/ethercat_kernel.hpp:54:76: error: expression list treated as compound expression in initializer [-fpermissive]
   std::uint8_t *to_buffer, std::size_t byte_size, std::uint32_t *abort_code) ->int;
                                                                            ^
/usr/aris/aris-1.5.0/include/aris/control/ethercat_kernel.hpp:54:78: error: expected ‘,’ or ‘;’ before ‘->’ token
   std::uint8_t *to_buffer, std::size_t byte_size, std::uint32_t *abort_code) ->int;
                                                                              ^~
/usr/aris/aris-1.5.0/include/aris/control/ethercat_kernel.hpp:55:33: error: ‘any’ is not a member of ‘std’
  auto aris_ecrt_sdo_config(std::any& master, std::any& slave, std::uint16_t index, std::uint8_t subindex,
                                 ^~~
/usr/aris/aris-1.5.0/include/aris/control/ethercat_kernel.hpp:55:33: note: ‘std::any’ is only available from C++17 onwards
/usr/aris/aris-1.5.0/include/aris/control/ethercat_kernel.hpp:55:38: error: ‘master’ was not declared in this scope
  auto aris_ecrt_sdo_config(std::any& master, std::any& slave, std::uint16_t index, std::uint8_t subindex,
                                      ^~~~~~
/usr/aris/aris-1.5.0/include/aris/control/ethercat_kernel.hpp:55:38: note: suggested alternative:
In file included from /opt/ros/kinetic/include/ros/ros.h:52,
                 from /root/catkin_ws/src/controller/src/controller.cpp:1:
/opt/ros/kinetic/include/ros/master.h:41:11: note:   ‘ros::master’
 namespace master
           ^~~~~~
In file included from /usr/aris/aris-1.5.0/include/aris/control/control.hpp:4,
                 from /usr/aris/aris-1.5.0/include/aris.hpp:2,
                 from /root/catkin_ws/src/controller/src/controller.cpp:4:
/usr/aris/aris-1.5.0/include/aris/control/ethercat_kernel.hpp:55:51: error: ‘any’ is not a member of ‘std’
  auto aris_ecrt_sdo_config(std::any& master, std::any& slave, std::uint16_t index, std::uint8_t subindex,
                                                   ^~~
/usr/aris/aris-1.5.0/include/aris/control/ethercat_kernel.hpp:55:51: note: ‘std::any’ is only available from C++17 onwards
/usr/aris/aris-1.5.0/include/aris/control/ethercat_kernel.hpp:55:56: error: ‘slave’ was not declared in this scope
  auto aris_ecrt_sdo_config(std::any& master, std::any& slave, std::uint16_t index, std::uint8_t subindex,
                                                        ^~~~~
/usr/aris/aris-1.5.0/include/aris/control/ethercat_kernel.hpp:55:56: note: suggested alternative: ‘Slave’
  auto aris_ecrt_sdo_config(std::any& master, std::any& slave, std::uint16_t index, std::uint8_t subindex,
                                                        ^~~~~
                                                        Slave
/usr/aris/aris-1.5.0/include/aris/control/ethercat_kernel.hpp:55:77: error: expected primary-expression before ‘index’
  auto aris_ecrt_sdo_config(std::any& master, std::any& slave, std::uint16_t index, std::uint8_t subindex,
                                                                             ^~~~~
/usr/aris/aris-1.5.0/include/aris/control/ethercat_kernel.hpp:55:97: error: expected primary-expression before ‘subindex’
  auto aris_ecrt_sdo_config(std::any& master, std::any& slave, std::uint16_t index, std::uint8_t subindex,
                                                                                                 ^~~~~~~~
/usr/aris/aris-1.5.0/include/aris/control/ethercat_kernel.hpp:56:16: error: expected primary-expression before ‘*’ token
   std::uint8_t *buffer, std::size_t byte_size)->void;
                ^
/usr/aris/aris-1.5.0/include/aris/control/ethercat_kernel.hpp:56:17: error: ‘buffer’ was not declared in this scope
   std::uint8_t *buffer, std::size_t byte_size)->void;
                 ^~~~~~
/usr/aris/aris-1.5.0/include/aris/control/ethercat_kernel.hpp:56:17: note: suggested alternative: ‘setbuffer’
   std::uint8_t *buffer, std::size_t byte_size)->void;
                 ^~~~~~
                 setbuffer
/usr/aris/aris-1.5.0/include/aris/control/ethercat_kernel.hpp:56:37: error: expected primary-expression before ‘byte_size’
   std::uint8_t *buffer, std::size_t byte_size)->void;
                                     ^~~~~~~~~
/usr/aris/aris-1.5.0/include/aris/control/ethercat_kernel.hpp:56:46: error: expression list treated as compound expression in initializer [-fpermissive]
   std::uint8_t *buffer, std::size_t byte_size)->void;
                                              ^
/usr/aris/aris-1.5.0/include/aris/control/ethercat_kernel.hpp:56:47: error: expected ‘,’ or ‘;’ before ‘->’ token
   std::uint8_t *buffer, std::size_t byte_size)->void;
                                               ^~
In file included from /usr/aris/aris-1.5.0/include/aris/control/control.hpp:5,
                 from /usr/aris/aris-1.5.0/include/aris.hpp:2,
                 from /root/catkin_ws/src/controller/src/controller.cpp:4:
/usr/aris/aris-1.5.0/include/aris/control/ethercat.hpp:14:25: error: ‘any’ in namespace ‘std’ does not name a type
   auto ecHandle()->std::any&;
                         ^~~
/usr/aris/aris-1.5.0/include/aris/control/ethercat.hpp:14:20: note: ‘std::any’ is only available from C++17 onwards
   auto ecHandle()->std::any&;
                    ^~~
/usr/aris/aris-1.5.0/include/aris/control/ethercat.hpp:14:25: error: expected ‘;’ at end of member declaration
   auto ecHandle()->std::any&;
                         ^~~
                            ;
/usr/aris/aris-1.5.0/include/aris/control/ethercat.hpp:14:29: error: expected unqualified-id before ‘;’ token
   auto ecHandle()->std::any&;
                             ^
/usr/aris/aris-1.5.0/include/aris/control/ethercat.hpp:15:25: error: expected ‘;’ at end of member declaration
   auto ecHandle()const->const std::any& { return const_cast<std::decay_t<decltype(*this)>*>(this)->ecHandle(); }
                         ^~~~~
                              ;
/usr/aris/aris-1.5.0/include/aris/control/ethercat.hpp:15:36: error: ‘any’ in namespace ‘std’ does not name a type
   auto ecHandle()const->const std::any& { return const_cast<std::decay_t<decltype(*this)>*>(this)->ecHandle(); }
                                    ^~~
/usr/aris/aris-1.5.0/include/aris/control/ethercat.hpp:15:31: note: ‘std::any’ is only available from C++17 onwards
   auto ecHandle()const->const std::any& { return const_cast<std::decay_t<decltype(*this)>*>(this)->ecHandle(); }
                               ^~~
In file included from /usr/aris/aris-1.5.0/include/aris/control/control.hpp:5,
                 from /usr/aris/aris-1.5.0/include/aris.hpp:2,
                 from /root/catkin_ws/src/controller/src/controller.cpp:4:
/usr/aris/aris-1.5.0/include/aris/control/ethercat.hpp:33:25: error: ‘any’ in namespace ‘std’ does not name a type
   auto ecHandle()->std::any&;
                         ^~~
/usr/aris/aris-1.5.0/include/aris/control/ethercat.hpp:33:20: note: ‘std::any’ is only available from C++17 onwards
   auto ecHandle()->std::any&;
                    ^~~
/usr/aris/aris-1.5.0/include/aris/control/ethercat.hpp:33:25: error: expected ‘;’ at end of member declaration
   auto ecHandle()->std::any&;
                         ^~~
                            ;
/usr/aris/aris-1.5.0/include/aris/control/ethercat.hpp:33:29: error: expected unqualified-id before ‘;’ token
   auto ecHandle()->std::any&;
                             ^
/usr/aris/aris-1.5.0/include/aris/control/ethercat.hpp:34:25: error: expected ‘;’ at end of member declaration
   auto ecHandle()const->const std::any& { return const_cast<std::decay_t<decltype(*this)>*>(this)->ecHandle(); }
                         ^~~~~
                              ;
/usr/aris/aris-1.5.0/include/aris/control/ethercat.hpp:34:36: error: ‘any’ in namespace ‘std’ does not name a type
   auto ecHandle()const->const std::any& { return const_cast<std::decay_t<decltype(*this)>*>(this)->ecHandle(); }
                                    ^~~
/usr/aris/aris-1.5.0/include/aris/control/ethercat.hpp:34:31: note: ‘std::any’ is only available from C++17 onwards
   auto ecHandle()const->const std::any& { return const_cast<std::decay_t<decltype(*this)>*>(this)->ecHandle(); }
                               ^~~
/usr/aris/aris-1.5.0/include/aris/control/ethercat.hpp:70:25: error: ‘any’ in namespace ‘std’ does not name a type
   auto ecHandle()->std::any&;
                         ^~~
/usr/aris/aris-1.5.0/include/aris/control/ethercat.hpp:70:20: note: ‘std::any’ is only available from C++17 onwards
   auto ecHandle()->std::any&;
                    ^~~
/usr/aris/aris-1.5.0/include/aris/control/ethercat.hpp:70:25: error: expected ‘;’ at end of member declaration
   auto ecHandle()->std::any&;
                         ^~~
                            ;
/usr/aris/aris-1.5.0/include/aris/control/ethercat.hpp:70:29: error: expected unqualified-id before ‘;’ token
   auto ecHandle()->std::any&;
                             ^
/usr/aris/aris-1.5.0/include/aris/control/ethercat.hpp:71:25: error: expected ‘;’ at end of member declaration
   auto ecHandle()const->const std::any& { return const_cast<std::decay_t<decltype(*this)>*>(this)->ecHandle(); }
                         ^~~~~
                              ;
/usr/aris/aris-1.5.0/include/aris/control/ethercat.hpp:71:36: error: ‘any’ in namespace ‘std’ does not name a type
   auto ecHandle()const->const std::any& { return const_cast<std::decay_t<decltype(*this)>*>(this)->ecHandle(); }
                                    ^~~
/usr/aris/aris-1.5.0/include/aris/control/ethercat.hpp:71:31: note: ‘std::any’ is only available from C++17 onwards
   auto ecHandle()const->const std::any& { return const_cast<std::decay_t<decltype(*this)>*>(this)->ecHandle(); }
                               ^~~
In file included from /usr/aris/aris-1.5.0/include/aris/control/control.hpp:5,
                 from /usr/aris/aris-1.5.0/include/aris.hpp:2,
                 from /root/catkin_ws/src/controller/src/controller.cpp:4:
/usr/aris/aris-1.5.0/include/aris/control/ethercat.hpp:110:25: error: ‘any’ in namespace ‘std’ does not name a type
   auto ecHandle()->std::any&;
                         ^~~
/usr/aris/aris-1.5.0/include/aris/control/ethercat.hpp:110:20: note: ‘std::any’ is only available from C++17 onwards
   auto ecHandle()->std::any&;
                    ^~~
/usr/aris/aris-1.5.0/include/aris/control/ethercat.hpp:110:25: error: expected ‘;’ at end of member declaration
   auto ecHandle()->std::any&;
                         ^~~
                            ;
/usr/aris/aris-1.5.0/include/aris/control/ethercat.hpp:110:29: error: expected unqualified-id before ‘;’ token
   auto ecHandle()->std::any&;
                             ^
/usr/aris/aris-1.5.0/include/aris/control/ethercat.hpp:111:25: error: expected ‘;’ at end of member declaration
   auto ecHandle()const->const std::any& { return const_cast<std::decay_t<decltype(*this)> *>(this)->ecHandle(); }
                         ^~~~~
                              ;
/usr/aris/aris-1.5.0/include/aris/control/ethercat.hpp:111:36: error: ‘any’ in namespace ‘std’ does not name a type
   auto ecHandle()const->const std::any& { return const_cast<std::decay_t<decltype(*this)> *>(this)->ecHandle(); }
                                    ^~~
/usr/aris/aris-1.5.0/include/aris/control/ethercat.hpp:111:31: note: ‘std::any’ is only available from C++17 onwards
   auto ecHandle()const->const std::any& { return const_cast<std::decay_t<decltype(*this)> *>(this)->ecHandle(); }
                               ^~~
In file included from /usr/aris/aris-1.5.0/include/aris/plan/plan.hpp:2,
                 from /usr/aris/aris-1.5.0/include/aris.hpp:4,
                 from /root/catkin_ws/src/controller/src/controller.cpp:4:
/usr/aris/aris-1.5.0/include/aris/plan/root.hpp:45:8: error: ‘any’ in namespace ‘std’ does not name a type
   std::any param;                                   // prepair/execute/collect  set when prepair, get when execute, destroy when collect
        ^~~
/usr/aris/aris-1.5.0/include/aris/plan/root.hpp:45:3: note: ‘std::any’ is only available from C++17 onwards
   std::any param;                                   // prepair/execute/collect  set when prepair, get when execute, destroy when collect
   ^~~
/usr/aris/aris-1.5.0/include/aris/plan/root.hpp:49:8: error: ‘any’ in namespace ‘std’ does not name a type
   std::any ret;
        ^~~
/usr/aris/aris-1.5.0/include/aris/plan/root.hpp:49:3: note: ‘std::any’ is only available from C++17 onwards
   std::any ret;
   ^~~
In file included from /usr/aris/aris-1.5.0/include/aris.hpp:6,
                 from /root/catkin_ws/src/controller/src/controller.cpp:4:
/usr/aris/aris-1.5.0/include/aris/server/server.hpp:96:64: error: ‘any’ is not a member of ‘std’
   auto getRtData(const std::function<void(ControlServer&, std::any&)>& get_func, std::any& data)->void;
                                                                ^~~
/usr/aris/aris-1.5.0/include/aris/server/server.hpp:96:64: note: ‘std::any’ is only available from C++17 onwards
/usr/aris/aris-1.5.0/include/aris/server/server.hpp:96:68: error: expression list treated as compound expression in functional cast [-fpermissive]
   auto getRtData(const std::function<void(ControlServer&, std::any&)>& get_func, std::any& data)->void;
                                                                    ^
/usr/aris/aris-1.5.0/include/aris/server/server.hpp:96:69: error: template argument 1 is invalid
   auto getRtData(const std::function<void(ControlServer&, std::any&)>& get_func, std::any& data)->void;
                                                                     ^
/usr/aris/aris-1.5.0/include/aris/server/server.hpp:96:64: error: ‘any’ is not a member of ‘std’
   auto getRtData(const std::function<void(ControlServer&, std::any&)>& get_func, std::any& data)->void;
                                                                ^~~
/usr/aris/aris-1.5.0/include/aris/server/server.hpp:96:64: note: ‘std::any’ is only available from C++17 onwards
/usr/aris/aris-1.5.0/include/aris/server/server.hpp:96:68: error: expression list treated as compound expression in functional cast [-fpermissive]
   auto getRtData(const std::function<void(ControlServer&, std::any&)>& get_func, std::any& data)->void;
                                                                    ^
/usr/aris/aris-1.5.0/include/aris/server/server.hpp:96:69: error: template argument 1 is invalid
   auto getRtData(const std::function<void(ControlServer&, std::any&)>& get_func, std::any& data)->void;
                                                                     ^
/usr/aris/aris-1.5.0/include/aris/server/server.hpp:96:64: error: ‘any’ is not a member of ‘std’
   auto getRtData(const std::function<void(ControlServer&, std::any&)>& get_func, std::any& data)->void;
                                                                ^~~
/usr/aris/aris-1.5.0/include/aris/server/server.hpp:96:64: note: ‘std::any’ is only available from C++17 onwards
/usr/aris/aris-1.5.0/include/aris/server/server.hpp:96:68: error: expression list treated as compound expression in functional cast [-fpermissive]
   auto getRtData(const std::function<void(ControlServer&, std::any&)>& get_func, std::any& data)->void;
                                                                    ^
/usr/aris/aris-1.5.0/include/aris/server/server.hpp:96:69: error: template argument 1 is invalid
   auto getRtData(const std::function<void(ControlServer&, std::any&)>& get_func, std::any& data)->void;
                                                                     ^
/usr/aris/aris-1.5.0/include/aris/server/server.hpp:96:64: error: ‘any’ is not a member of ‘std’
   auto getRtData(const std::function<void(ControlServer&, std::any&)>& get_func, std::any& data)->void;
                                                                ^~~
/usr/aris/aris-1.5.0/include/aris/server/server.hpp:96:64: note: ‘std::any’ is only available from C++17 onwards
/usr/aris/aris-1.5.0/include/aris/server/server.hpp:96:68: error: expression list treated as compound expression in functional cast [-fpermissive]
   auto getRtData(const std::function<void(ControlServer&, std::any&)>& get_func, std::any& data)->void;
                                                                    ^
/usr/aris/aris-1.5.0/include/aris/server/server.hpp:96:69: error: template argument 1 is invalid
   auto getRtData(const std::function<void(ControlServer&, std::any&)>& get_func, std::any& data)->void;
                                                                     ^
/usr/aris/aris-1.5.0/include/aris/server/server.hpp:96:64: error: ‘any’ is not a member of ‘std’
   auto getRtData(const std::function<void(ControlServer&, std::any&)>& get_func, std::any& data)->void;
                                                                ^~~
/usr/aris/aris-1.5.0/include/aris/server/server.hpp:96:64: note: ‘std::any’ is only available from C++17 onwards
/usr/aris/aris-1.5.0/include/aris/server/server.hpp:96:68: error: expression list treated as compound expression in functional cast [-fpermissive]
   auto getRtData(const std::function<void(ControlServer&, std::any&)>& get_func, std::any& data)->void;
                                                                    ^
/usr/aris/aris-1.5.0/include/aris/server/server.hpp:96:69: error: template argument 1 is invalid
   auto getRtData(const std::function<void(ControlServer&, std::any&)>& get_func, std::any& data)->void;
                                                                     ^
/usr/aris/aris-1.5.0/include/aris/server/server.hpp:96:24: error: invalid use of template-name ‘std::function’ without an argument list
   auto getRtData(const std::function<void(ControlServer&, std::any&)>& get_func, std::any& data)->void;
                        ^~~
/usr/aris/aris-1.5.0/include/aris/server/server.hpp:96:24: note: class template argument deduction is only available with -std=c++17 or -std=gnu++17
In file included from /usr/include/c++/8/functional:59,
                 from /usr/include/boost/utility/compare_pointees.hpp:15,
                 from /usr/include/boost/optional/optional.hpp:51,
                 from /usr/include/boost/optional.hpp:15,
                 from /usr/include/boost/format/internals.hpp:20,
                 from /usr/include/boost/format.hpp:38,
                 from /usr/include/boost/math/policies/error_handling.hpp:31,
                 from /usr/include/boost/math/special_functions/round.hpp:14,
                 from /opt/ros/kinetic/include/ros/time.h:58,
                 from /opt/ros/kinetic/include/ros/ros.h:38,
                 from /root/catkin_ws/src/controller/src/controller.cpp:1:
/usr/include/c++/8/bits/std_function.h:128:11: note: ‘template<class _Signature> class std::function’ declared here
     class function;
           ^~~~~~~~
In file included from /usr/aris/aris-1.5.0/include/aris.hpp:6,
                 from /root/catkin_ws/src/controller/src/controller.cpp:4:
/usr/aris/aris-1.5.0/include/aris/server/server.hpp:96:37: error: expected ‘,’ or ‘...’ before ‘<’ token
   auto getRtData(const std::function<void(ControlServer&, std::any&)>& get_func, std::any& data)->void;
                                     ^
controller/CMakeFiles/controller.dir/build.make:62: recipe for target 'controller/CMakeFiles/controller.dir/src/controller.cpp.o' failed
make[2]: *** [controller/CMakeFiles/controller.dir/src/controller.cpp.o] Error 1
CMakeFiles/Makefile2:715: recipe for target 'controller/CMakeFiles/controller.dir/all' failed
make[1]: *** [controller/CMakeFiles/controller.dir/all] Error 2
Makefile:138: recipe for target 'all' failed
make: *** [all] Error 2
Base path: /root/catkin_ws
Source space: /root/catkin_ws/src
Build space: /root/catkin_ws/build
Devel space: /root/catkin_ws/devel
Install space: /root/catkin_ws/install
####
#### Running command: "make cmake_check_build_system" in "/root/catkin_ws/build"
####
####
#### Running command: "make -j4 -l4" in "/root/catkin_ws/build"
####
Invoking "make -j4 -l4" failed
